<?xml version="1.0" encoding="UTF-8"?>
<!-- Generated by org.testng.reporters.JUnitReportReporter -->
<testsuite hostname="DESKTOP-JL5NAFE" failures="0" tests="2" name="com.luma.tests.LumaTest" time="31.047" errors="0" timestamp="2025-02-05T04:00:01 EST" skipped="0">
  <testcase classname="com.luma.tests.LumaTest" name="testAddSingleItemToCart" time="11.370"/>
  <system-out/>
  <testcase classname="com.luma.tests.LumaTest" name="testAddZeroQuantityItem" time="19.677"/>
  <system-out/>
</testsuite> <!-- com.luma.tests.LumaTest -->
